<?xml version="1.0" encoding="UTF-8"?>
<!-- Generated by org.testng.reporters.JUnitReportReporter -->
<testsuite hostname="bcslappy-Amar" name="inputFile.ScriptForJenkins" tests="1" failures="0" timestamp="6 Apr 2017 09:13:40 GMT" time="82.399" errors="0">
  <testcase name="test" time="82.399" classname="inputFile.ScriptForJenkins"/>
</testsuite> <!-- inputFile.ScriptForJenkins -->
