<?xml version="1.0" encoding="UTF-8"?>
<!-- Generated by org.testng.reporters.JUnitReportReporter -->
<testsuite hostname="bcslappy-Amar" name="inputFile.ScriptForJenkins" tests="1" failures="0" timestamp="5 Apr 2017 12:50:58 GMT" time="86.325" errors="0">
  <testcase name="test" time="86.325" classname="inputFile.ScriptForJenkins"/>
</testsuite> <!-- inputFile.ScriptForJenkins -->
