<?xml version="1.0" encoding="UTF-8"?>
<!-- Generated by org.testng.reporters.JUnitReportReporter -->
<testsuite hostname="bcslappy-Amar" name="inputFile.ScriptForJenkins" tests="1" failures="0" timestamp="5 Apr 2017 12:06:38 GMT" time="84.396" errors="0">
  <testcase name="test" time="84.396" classname="inputFile.ScriptForJenkins"/>
</testsuite> <!-- inputFile.ScriptForJenkins -->
